<?xml version="1.0" encoding="UTF-8"?>
<coverage generated="1776815616581" clover="3.2.0">
  <project timestamp="1776815616581" name="All files">
    <metrics statements="28" coveredstatements="28" conditionals="37" coveredconditionals="35" methods="9" coveredmethods="9" elements="74" coveredelements="72" complexity="0" loc="28" ncloc="28" packages="1" files="4" classes="4"/>
    <file name="nameMatching.js" path="/tmp/q10-whatsapp-plugin/utils/nameMatching.js">
      <metrics statements="12" coveredstatements="12" conditionals="14" coveredconditionals="13" methods="4" coveredmethods="4"/>
      <line num="8" count="7" type="cond" truecount="2" falsecount="0"/>
      <line num="9" count="6" type="stmt"/>
      <line num="11" count="6" type="stmt"/>
      <line num="19" count="6" type="stmt"/>
      <line num="21" count="6" type="cond" truecount="2" falsecount="0"/>
      <line num="22" count="5" type="cond" truecount="2" falsecount="0"/>
      <line num="23" count="3" type="cond" truecount="4" falsecount="0"/>
      <line num="25" count="2" type="stmt"/>
      <line num="26" count="1" type="stmt"/>
      <line num="27" count="2" type="cond" truecount="2" falsecount="0"/>
      <line num="29" count="1" type="cond" truecount="1" falsecount="1"/>
      <line num="32" count="1" type="stmt"/>
    </file>
    <file name="nameUtils.js" path="/tmp/q10-whatsapp-plugin/utils/nameUtils.js">
      <metrics statements="3" coveredstatements="3" conditionals="0" coveredconditionals="0" methods="2" coveredmethods="2"/>
      <line num="8" count="5" type="stmt"/>
      <line num="9" count="9" type="stmt"/>
      <line num="12" count="1" type="stmt"/>
    </file>
    <file name="phoneUtils.js" path="/tmp/q10-whatsapp-plugin/utils/phoneUtils.js">
      <metrics statements="11" coveredstatements="11" conditionals="21" coveredconditionals="20" methods="2" coveredmethods="2"/>
      <line num="12" count="24" type="cond" truecount="2" falsecount="0"/>
      <line num="13" count="24" type="cond" truecount="4" falsecount="0"/>
      <line num="14" count="24" type="stmt"/>
      <line num="25" count="9" type="stmt"/>
      <line num="26" count="9" type="stmt"/>
      <line num="27" count="9" type="cond" truecount="4" falsecount="0"/>
      <line num="28" count="7" type="cond" truecount="2" falsecount="0"/>
      <line num="29" count="5" type="cond" truecount="4" falsecount="0"/>
      <line num="30" count="2" type="cond" truecount="4" falsecount="1"/>
      <line num="31" count="2" type="stmt"/>
      <line num="34" count="1" type="stmt"/>
    </file>
    <file name="stringUtils.js" path="/tmp/q10-whatsapp-plugin/utils/stringUtils.js">
      <metrics statements="2" coveredstatements="2" conditionals="2" coveredconditionals="2" methods="1" coveredmethods="1"/>
      <line num="10" count="10" type="cond" truecount="2" falsecount="0"/>
      <line num="18" count="1" type="stmt"/>
    </file>
  </project>
</coverage>
