{"/tmp/q10-whatsapp-plugin/utils/nameMatching.js": {"path":"/tmp/q10-whatsapp-plugin/utils/nameMatching.js","statementMap":{"0":{"start":{"line":8,"column":2},"end":{"line":8,"column":32}},"1":{"start":{"line":8,"column":19},"end":{"line":8,"column":32}},"2":{"start":{"line":9,"column":17},"end":{"line":9,"column":90}},"3":{"start":{"line":11,"column":16},"end":{"line":17,"column":19}},"4":{"start":{"line":19,"column":19},"end":{"line":19,"column":97}},"5":{"start":{"line":21,"column":2},"end":{"line":21,"column":30}},"6":{"start":{"line":21,"column":17},"end":{"line":21,"column":30}},"7":{"start":{"line":22,"column":2},"end":{"line":22,"column":39}},"8":{"start":{"line":22,"column":27},"end":{"line":22,"column":39}},"9":{"start":{"line":23,"column":2},"end":{"line":23,"column":74}},"10":{"start":{"line":23,"column":62},"end":{"line":23,"column":74}},"11":{"start":{"line":25,"column":22},"end":{"line":25,"column":67}},"12":{"start":{"line":25,"column":54},"end":{"line":25,"column":66}},"13":{"start":{"line":26,"column":20},"end":{"line":26,"column":41}},"14":{"start":{"line":27,"column":19},"end":{"line":27,"column":100}},"15":{"start":{"line":27,"column":43},"end":{"line":27,"column":99}},"16":{"start":{"line":27,"column":64},"end":{"line":27,"column":98}},"17":{"start":{"line":29,"column":2},"end":{"line":29,"column":44}},"18":{"start":{"line":32,"column":0},"end":{"line":32,"column":33}}},"fnMap":{"0":{"name":"nameMatches","decl":{"start":{"line":7,"column":9},"end":{"line":7,"column":20}},"loc":{"start":{"line":7,"column":41},"end":{"line":30,"column":1}},"line":7},"1":{"name":"(anonymous_1)","decl":{"start":{"line":25,"column":49},"end":{"line":25,"column":50}},"loc":{"start":{"line":25,"column":54},"end":{"line":25,"column":66}},"line":25},"2":{"name":"(anonymous_2)","decl":{"start":{"line":27,"column":37},"end":{"line":27,"column":38}},"loc":{"start":{"line":27,"column":43},"end":{"line":27,"column":99}},"line":27},"3":{"name":"(anonymous_3)","decl":{"start":{"line":27,"column":58},"end":{"line":27,"column":59}},"loc":{"start":{"line":27,"column":64},"end":{"line":27,"column":98}},"line":27}},"branchMap":{"0":{"loc":{"start":{"line":8,"column":2},"end":{"line":8,"column":32}},"type":"if","locations":[{"start":{"line":8,"column":2},"end":{"line":8,"column":32}},{"start":{},"end":{}}],"line":8},"1":{"loc":{"start":{"line":21,"column":2},"end":{"line":21,"column":30}},"type":"if","locations":[{"start":{"line":21,"column":2},"end":{"line":21,"column":30}},{"start":{},"end":{}}],"line":21},"2":{"loc":{"start":{"line":22,"column":2},"end":{"line":22,"column":39}},"type":"if","locations":[{"start":{"line":22,"column":2},"end":{"line":22,"column":39}},{"start":{},"end":{}}],"line":22},"3":{"loc":{"start":{"line":23,"column":2},"end":{"line":23,"column":74}},"type":"if","locations":[{"start":{"line":23,"column":2},"end":{"line":23,"column":74}},{"start":{},"end":{}}],"line":23},"4":{"loc":{"start":{"line":23,"column":6},"end":{"line":23,"column":60}},"type":"binary-expr","locations":[{"start":{"line":23,"column":6},"end":{"line":23,"column":31}},{"start":{"line":23,"column":35},"end":{"line":23,"column":60}}],"line":23},"5":{"loc":{"start":{"line":27,"column":64},"end":{"line":27,"column":98}},"type":"binary-expr","locations":[{"start":{"line":27,"column":64},"end":{"line":27,"column":79}},{"start":{"line":27,"column":83},"end":{"line":27,"column":98}}],"line":27},"6":{"loc":{"start":{"line":29,"column":9},"end":{"line":29,"column":43}},"type":"binary-expr","locations":[{"start":{"line":29,"column":9},"end":{"line":29,"column":17}},{"start":{"line":29,"column":21},"end":{"line":29,"column":43}}],"line":29}},"s":{"0":7,"1":1,"2":6,"3":6,"4":6,"5":6,"6":1,"7":5,"8":2,"9":3,"10":2,"11":1,"12":2,"13":1,"14":1,"15":1,"16":2,"17":1,"18":1},"f":{"0":7,"1":2,"2":1,"3":2},"b":{"0":[1,6],"1":[1,5],"2":[2,3],"3":[2,1],"4":[3,2],"5":[2,2],"6":[1,0]},"inputSourceMap":null,"_coverageSchema":"1a1c01bbd47fc00a2c39e90264f33305004495a9","hash":"23c63fe8d493b0c6baaf57f6f94c3b47a624d8ac"}
,"/tmp/q10-whatsapp-plugin/utils/nameUtils.js": {"path":"/tmp/q10-whatsapp-plugin/utils/nameUtils.js","statementMap":{"0":{"start":{"line":8,"column":2},"end":{"line":9,"column":74}},"1":{"start":{"line":9,"column":30},"end":{"line":9,"column":46}},"2":{"start":{"line":12,"column":0},"end":{"line":12,"column":36}}},"fnMap":{"0":{"name":"fullAsesorName","decl":{"start":{"line":7,"column":9},"end":{"line":7,"column":23}},"loc":{"start":{"line":7,"column":27},"end":{"line":10,"column":1}},"line":7},"1":{"name":"(anonymous_1)","decl":{"start":{"line":9,"column":25},"end":{"line":9,"column":26}},"loc":{"start":{"line":9,"column":30},"end":{"line":9,"column":46}},"line":9}},"branchMap":{},"s":{"0":5,"1":9,"2":1},"f":{"0":5,"1":9},"b":{},"inputSourceMap":null,"_coverageSchema":"1a1c01bbd47fc00a2c39e90264f33305004495a9","hash":"95f3fbd91da74c9ae8131897770082e6f33a4d24"}
,"/tmp/q10-whatsapp-plugin/utils/phoneUtils.js": {"path":"/tmp/q10-whatsapp-plugin/utils/phoneUtils.js","statementMap":{"0":{"start":{"line":12,"column":15},"end":{"line":12,"column":45}},"1":{"start":{"line":13,"column":2},"end":{"line":13,"column":78}},"2":{"start":{"line":13,"column":53},"end":{"line":13,"column":78}},"3":{"start":{"line":14,"column":2},"end":{"line":14,"column":16}},"4":{"start":{"line":25,"column":12},"end":{"line":25,"column":40}},"5":{"start":{"line":26,"column":12},"end":{"line":26,"column":39}},"6":{"start":{"line":27,"column":2},"end":{"line":27,"column":29}},"7":{"start":{"line":27,"column":16},"end":{"line":27,"column":29}},"8":{"start":{"line":28,"column":2},"end":{"line":28,"column":27}},"9":{"start":{"line":28,"column":15},"end":{"line":28,"column":27}},"10":{"start":{"line":29,"column":2},"end":{"line":29,"column":50}},"11":{"start":{"line":29,"column":38},"end":{"line":29,"column":50}},"12":{"start":{"line":30,"column":2},"end":{"line":30,"column":81}},"13":{"start":{"line":30,"column":69},"end":{"line":30,"column":81}},"14":{"start":{"line":31,"column":2},"end":{"line":31,"column":15}},"15":{"start":{"line":34,"column":0},"end":{"line":34,"column":50}}},"fnMap":{"0":{"name":"normalizePhone","decl":{"start":{"line":11,"column":9},"end":{"line":11,"column":23}},"loc":{"start":{"line":11,"column":29},"end":{"line":15,"column":1}},"line":11},"1":{"name":"phoneMatches","decl":{"start":{"line":24,"column":9},"end":{"line":24,"column":21}},"loc":{"start":{"line":24,"column":49},"end":{"line":32,"column":1}},"line":24}},"branchMap":{"0":{"loc":{"start":{"line":12,"column":16},"end":{"line":12,"column":25}},"type":"binary-expr","locations":[{"start":{"line":12,"column":16},"end":{"line":12,"column":19}},{"start":{"line":12,"column":23},"end":{"line":12,"column":25}}],"line":12},"1":{"loc":{"start":{"line":13,"column":2},"end":{"line":13,"column":78}},"type":"if","locations":[{"start":{"line":13,"column":2},"end":{"line":13,"column":78}},{"start":{},"end":{}}],"line":13},"2":{"loc":{"start":{"line":13,"column":6},"end":{"line":13,"column":51}},"type":"binary-expr","locations":[{"start":{"line":13,"column":6},"end":{"line":13,"column":28}},{"start":{"line":13,"column":32},"end":{"line":13,"column":51}}],"line":13},"3":{"loc":{"start":{"line":27,"column":2},"end":{"line":27,"column":29}},"type":"if","locations":[{"start":{"line":27,"column":2},"end":{"line":27,"column":29}},{"start":{},"end":{}}],"line":27},"4":{"loc":{"start":{"line":27,"column":6},"end":{"line":27,"column":14}},"type":"binary-expr","locations":[{"start":{"line":27,"column":6},"end":{"line":27,"column":8}},{"start":{"line":27,"column":12},"end":{"line":27,"column":14}}],"line":27},"5":{"loc":{"start":{"line":28,"column":2},"end":{"line":28,"column":27}},"type":"if","locations":[{"start":{"line":28,"column":2},"end":{"line":28,"column":27}},{"start":{},"end":{}}],"line":28},"6":{"loc":{"start":{"line":29,"column":2},"end":{"line":29,"column":50}},"type":"if","locations":[{"start":{"line":29,"column":2},"end":{"line":29,"column":50}},{"start":{},"end":{}}],"line":29},"7":{"loc":{"start":{"line":29,"column":6},"end":{"line":29,"column":36}},"type":"binary-expr","locations":[{"start":{"line":29,"column":6},"end":{"line":29,"column":19}},{"start":{"line":29,"column":23},"end":{"line":29,"column":36}}],"line":29},"8":{"loc":{"start":{"line":30,"column":2},"end":{"line":30,"column":81}},"type":"if","locations":[{"start":{"line":30,"column":2},"end":{"line":30,"column":81}},{"start":{},"end":{}}],"line":30},"9":{"loc":{"start":{"line":30,"column":6},"end":{"line":30,"column":67}},"type":"binary-expr","locations":[{"start":{"line":30,"column":6},"end":{"line":30,"column":19}},{"start":{"line":30,"column":23},"end":{"line":30,"column":36}},{"start":{"line":30,"column":40},"end":{"line":30,"column":67}}],"line":30}},"s":{"0":24,"1":24,"2":1,"3":24,"4":9,"5":9,"6":9,"7":2,"8":7,"9":2,"10":5,"11":3,"12":2,"13":0,"14":2,"15":1},"f":{"0":24,"1":9},"b":{"0":[24,4],"1":[1,23],"2":[24,2],"3":[2,7],"4":[9,8],"5":[2,5],"6":[3,2],"7":[5,3],"8":[0,2],"9":[2,1,1]},"inputSourceMap":null,"_coverageSchema":"1a1c01bbd47fc00a2c39e90264f33305004495a9","hash":"de815a671484d087f7a4b50695e192819551b90c"}
,"/tmp/q10-whatsapp-plugin/utils/stringUtils.js": {"path":"/tmp/q10-whatsapp-plugin/utils/stringUtils.js","statementMap":{"0":{"start":{"line":10,"column":2},"end":{"line":15,"column":28}},"1":{"start":{"line":18,"column":0},"end":{"line":18,"column":29}}},"fnMap":{"0":{"name":"escHtml","decl":{"start":{"line":9,"column":9},"end":{"line":9,"column":16}},"loc":{"start":{"line":9,"column":20},"end":{"line":16,"column":1}},"line":9}},"branchMap":{"0":{"loc":{"start":{"line":10,"column":16},"end":{"line":10,"column":34}},"type":"cond-expr","locations":[{"start":{"line":10,"column":28},"end":{"line":10,"column":30}},{"start":{"line":10,"column":33},"end":{"line":10,"column":34}}],"line":10}},"s":{"0":10,"1":1},"f":{"0":10},"b":{"0":[2,8]},"inputSourceMap":null,"_coverageSchema":"1a1c01bbd47fc00a2c39e90264f33305004495a9","hash":"fad1548ee2739b53b0726ecb9d8251b9ecb2522e"}
}
