TN:
SF:utils/nameMatching.js
FN:7,nameMatches
FN:25,(anonymous_1)
FN:27,(anonymous_2)
FN:27,(anonymous_3)
FNF:4
FNH:4
FNDA:7,nameMatches
FNDA:2,(anonymous_1)
FNDA:1,(anonymous_2)
FNDA:2,(anonymous_3)
DA:8,7
DA:9,6
DA:11,6
DA:19,6
DA:21,6
DA:22,5
DA:23,3
DA:25,2
DA:26,1
DA:27,2
DA:29,1
DA:32,1
LF:12
LH:12
BRDA:8,0,0,1
BRDA:8,0,1,6
BRDA:21,1,0,1
BRDA:21,1,1,5
BRDA:22,2,0,2
BRDA:22,2,1,3
BRDA:23,3,0,2
BRDA:23,3,1,1
BRDA:23,4,0,3
BRDA:23,4,1,2
BRDA:27,5,0,2
BRDA:27,5,1,2
BRDA:29,6,0,1
BRDA:29,6,1,0
BRF:14
BRH:13
end_of_record
TN:
SF:utils/nameUtils.js
FN:7,fullAsesorName
FN:9,(anonymous_1)
FNF:2
FNH:2
FNDA:5,fullAsesorName
FNDA:9,(anonymous_1)
DA:8,5
DA:9,9
DA:12,1
LF:3
LH:3
BRF:0
BRH:0
end_of_record
TN:
SF:utils/phoneUtils.js
FN:11,normalizePhone
FN:24,phoneMatches
FNF:2
FNH:2
FNDA:24,normalizePhone
FNDA:9,phoneMatches
DA:12,24
DA:13,24
DA:14,24
DA:25,9
DA:26,9
DA:27,9
DA:28,7
DA:29,5
DA:30,2
DA:31,2
DA:34,1
LF:11
LH:11
BRDA:12,0,0,24
BRDA:12,0,1,4
BRDA:13,1,0,1
BRDA:13,1,1,23
BRDA:13,2,0,24
BRDA:13,2,1,2
BRDA:27,3,0,2
BRDA:27,3,1,7
BRDA:27,4,0,9
BRDA:27,4,1,8
BRDA:28,5,0,2
BRDA:28,5,1,5
BRDA:29,6,0,3
BRDA:29,6,1,2
BRDA:29,7,0,5
BRDA:29,7,1,3
BRDA:30,8,0,0
BRDA:30,8,1,2
BRDA:30,9,0,2
BRDA:30,9,1,1
BRDA:30,9,2,1
BRF:21
BRH:20
end_of_record
TN:
SF:utils/stringUtils.js
FN:9,escHtml
FNF:1
FNH:1
FNDA:10,escHtml
DA:10,10
DA:18,1
LF:2
LH:2
BRDA:10,0,0,2
BRDA:10,0,1,8
BRF:2
BRH:2
end_of_record
